[2025-03-15 19:04:10,326: INFO: common: yaml file: config\config.yaml loaded successfully]
[2025-03-15 19:04:10,331: INFO: common: yaml file: params.yaml loaded successfully]
[2025-03-15 19:04:10,333: INFO: common: created directory at: artifacts]
[2025-03-15 19:04:10,335: INFO: common: created directory at: artifacts/data_ingestion]
[2025-03-15 19:04:10,337: INFO: 986331348: Downloading data from https://drive.google.com/file/d/1vlhZ5c7abUKF8xXERIw6m9Te8fW7ohw3/view?usp=sharing into file artifacts/data_ingestion/data.zip]
[2025-03-15 19:04:32,372: INFO: main:  >>>>>> Stage Data Ingestion Stage started <<<<<<]
[2025-03-15 19:04:32,375: INFO: common: yaml file: config\config.yaml loaded successfully]
[2025-03-15 19:04:32,378: INFO: common: yaml file: params.yaml loaded successfully]
[2025-03-15 19:04:32,379: INFO: common: created directory at: artifacts]
[2025-03-15 19:04:32,379: ERROR: main: 'ConfigurationManager' object has no attribute 'get_data_ingestion_config']
Traceback (most recent call last):
  File "main.py", line 10, in <module>
    obj.main()
  File "c:\users\asus\desktop\kidney_disease_detection_using_mlflow_dvc\src\cnnClassifier\pipeline\stage_01_data_ingestion.py", line 15, in main
    data_ingestion_config = config.get_data_ingestion_config()
AttributeError: 'ConfigurationManager' object has no attribute 'get_data_ingestion_config'
[2025-03-15 19:04:37,089: INFO: 986331348: Downloaded data from https://drive.google.com/file/d/1vlhZ5c7abUKF8xXERIw6m9Te8fW7ohw3/view?usp=sharing into file artifacts/data_ingestion/data.zip]
[2025-03-15 19:07:55,721: INFO: main:  >>>>>> Stage Data Ingestion Stage started <<<<<<]
[2025-03-15 19:07:55,723: INFO: common: yaml file: config\config.yaml loaded successfully]
[2025-03-15 19:07:55,725: INFO: common: yaml file: params.yaml loaded successfully]
[2025-03-15 19:07:55,725: INFO: common: created directory at: artifacts]
[2025-03-15 19:07:55,725: ERROR: main: 'ConfigurationManager' object has no attribute 'get_data_ingestion_config']
Traceback (most recent call last):
  File "main.py", line 10, in <module>
    obj.main()
  File "c:\users\asus\desktop\kidney_disease_detection_using_mlflow_dvc\src\cnnClassifier\pipeline\stage_01_data_ingestion.py", line 15, in main
    data_ingestion_config = config.get_data_ingestion_config()
AttributeError: 'ConfigurationManager' object has no attribute 'get_data_ingestion_config'
[2025-03-15 19:12:23,342: INFO: main:  >>>>>> Stage Data Ingestion Stage started <<<<<<]
[2025-03-15 19:12:23,344: INFO: common: yaml file: config\config.yaml loaded successfully]
[2025-03-15 19:12:23,346: INFO: common: yaml file: params.yaml loaded successfully]
[2025-03-15 19:12:23,347: INFO: common: created directory at: artifacts]
[2025-03-15 19:12:23,347: ERROR: main: 'ConfigurationManager' object has no attribute 'get_data_ingestion_config']
Traceback (most recent call last):
  File "main.py", line 10, in <module>
    obj.main()
  File "c:\users\asus\desktop\kidney_disease_detection_using_mlflow_dvc\src\cnnClassifier\pipeline\stage_01_data_ingestion.py", line 15, in main
    data_ingestion_config = config.get_data_ingestion_config()
AttributeError: 'ConfigurationManager' object has no attribute 'get_data_ingestion_config'
[2025-03-15 19:15:50,564: INFO: common: yaml file: config\config.yaml loaded successfully]
[2025-03-15 19:15:50,568: INFO: common: yaml file: params.yaml loaded successfully]
[2025-03-15 19:15:50,571: INFO: common: created directory at: artifacts]
[2025-03-15 19:15:50,573: INFO: common: created directory at: artifacts/data_ingestion]
[2025-03-15 19:15:50,574: INFO: 986331348: Downloading data from https://drive.google.com/file/d/1vlhZ5c7abUKF8xXERIw6m9Te8fW7ohw3/view?usp=sharing into file artifacts/data_ingestion/data.zip]
[2025-03-15 19:16:00,716: INFO: 986331348: Downloaded data from https://drive.google.com/file/d/1vlhZ5c7abUKF8xXERIw6m9Te8fW7ohw3/view?usp=sharing into file artifacts/data_ingestion/data.zip]
[2025-03-15 22:29:51,643: INFO: main:  >>>>>> Stage Data Ingestion Stage started <<<<<<]
[2025-03-15 22:29:51,646: INFO: common: yaml file: config\config.yaml loaded successfully]
[2025-03-15 22:29:51,649: INFO: common: yaml file: params.yaml loaded successfully]
[2025-03-15 22:29:51,650: INFO: common: created directory at: artifacts]
[2025-03-15 22:29:51,650: ERROR: main: 'ConfigurationManager' object has no attribute 'get_data_ingestion_config']
Traceback (most recent call last):
  File "main.py", line 10, in <module>
    obj.main()
  File "c:\users\asus\desktop\kidney_disease_detection_using_mlflow_dvc\src\cnnClassifier\pipeline\stage_01_data_ingestion.py", line 15, in main
    data_ingestion_config = config.get_data_ingestion_config()
AttributeError: 'ConfigurationManager' object has no attribute 'get_data_ingestion_config'
[2025-03-15 22:37:30,492: INFO: main:  >>>>>> Stage Data Ingestion Stage started <<<<<<]
[2025-03-15 22:37:30,493: INFO: common: yaml file: config\config.yaml loaded successfully]
[2025-03-15 22:37:30,495: INFO: common: yaml file: params.yaml loaded successfully]
[2025-03-15 22:37:30,496: INFO: common: created directory at: artifacts]
[2025-03-15 22:37:30,496: ERROR: main: 'ConfigurationManager' object has no attribute 'get_data_ingestion_config']
Traceback (most recent call last):
  File "c:\Users\asus\Desktop\Kidney_Disease_Detection_Using_MLflow_DVC\main.py", line 11, in <module>
    obj.main()
  File "c:\users\asus\desktop\kidney_disease_detection_using_mlflow_dvc\src\cnnClassifier\pipeline\stage_01_data_ingestion.py", line 15, in main
    data_ingestion_config = config.get_data_ingestion_config()
AttributeError: 'ConfigurationManager' object has no attribute 'get_data_ingestion_config'
[2025-03-15 22:55:13,709: INFO: main:  >>>>>> Stage Data Ingestion Stage started <<<<<<]
[2025-03-15 22:55:13,712: INFO: common: yaml file: config\config.yaml loaded successfully]
[2025-03-15 22:55:13,716: INFO: common: yaml file: params.yaml loaded successfully]
[2025-03-15 22:55:13,717: INFO: common: created directory at: artifacts]
[2025-03-15 22:55:13,718: ERROR: main: 'ConfigurationManager' object has no attribute 'get_data_ingestion_config']
Traceback (most recent call last):
  File "main.py", line 11, in <module>
    obj.main()
  File "c:\users\asus\desktop\kidney_disease_detection_using_mlflow_dvc\src\cnnClassifier\pipeline\stage_01_data_ingestion.py", line 14, in main
    data_ingestion_config = config.get_data_ingestion_config()
AttributeError: 'ConfigurationManager' object has no attribute 'get_data_ingestion_config'
[2025-03-15 23:56:19,155: INFO: main:  >>>>>> Stage Data Ingestion Stage started <<<<<<]
[2025-03-15 23:56:19,158: INFO: common: yaml file: config\config.yaml loaded successfully]
[2025-03-15 23:56:19,162: INFO: common: yaml file: params.yaml loaded successfully]
[2025-03-15 23:56:19,164: INFO: common: created directory at: artifacts]
[2025-03-15 23:56:19,164: INFO: common: created directory at: artifacts/data_ingestion]
[2025-03-15 23:56:19,165: INFO: data_ingestion: Downloading data from https://drive.google.com/file/d/1vlhZ5c7abUKF8xXERIw6m9Te8fW7ohw3/view?usp=sharing into file artifacts/data_ingestion/data.zip]
[2025-03-15 23:56:32,715: INFO: data_ingestion: Downloaded data from https://drive.google.com/file/d/1vlhZ5c7abUKF8xXERIw6m9Te8fW7ohw3/view?usp=sharing into file artifacts/data_ingestion/data.zip]
[2025-03-15 23:56:33,698: INFO: main:  >>>>>> Stage Data Ingestion Stage completed <<<<<<]
[2025-03-15 23:56:33,698: INFO: main: *******************]
[2025-03-15 23:56:33,698: INFO: main: >>>>>> stage Prepare base model started <<<<<<]
[2025-03-15 23:56:33,701: INFO: common: yaml file: config\config.yaml loaded successfully]
[2025-03-15 23:56:33,704: INFO: common: yaml file: params.yaml loaded successfully]
[2025-03-15 23:56:33,704: INFO: common: created directory at: artifacts]
[2025-03-15 23:56:33,706: INFO: common: created directory at: artifacts/prepare_base_model]
[2025-03-15 23:56:34,381: WARNING: saving_utils: Compiled the loaded model, but the compiled metrics have yet to be built. `model.compile_metrics` will be empty until you train or evaluate the model.]
[2025-03-15 23:56:34,669: INFO: main: >>>>>> stage Prepare base model completed <<<<<<

x==========x]
[2025-03-17 23:04:51,575: INFO: common: yaml file: config\config.yaml loaded successfully]
[2025-03-17 23:04:51,594: INFO: common: yaml file: params.yaml loaded successfully]
[2025-03-17 23:04:51,599: INFO: common: created directory at: artifacts]
[2025-03-17 23:06:31,051: INFO: common: yaml file: config\config.yaml loaded successfully]
[2025-03-17 23:06:31,055: INFO: common: yaml file: params.yaml loaded successfully]
[2025-03-17 23:06:31,057: INFO: common: created directory at: artifacts]
[2025-03-17 23:09:58,454: INFO: common: yaml file: config\config.yaml loaded successfully]
[2025-03-17 23:09:58,458: INFO: common: yaml file: params.yaml loaded successfully]
[2025-03-17 23:09:58,460: INFO: common: created directory at: artifacts]
[2025-03-17 23:12:12,932: INFO: main:  >>>>>> Stage Data Ingestion Stage started <<<<<<]
[2025-03-17 23:12:12,934: INFO: common: yaml file: config\config.yaml loaded successfully]
[2025-03-17 23:12:12,936: INFO: common: yaml file: params.yaml loaded successfully]
[2025-03-17 23:12:12,937: INFO: common: created directory at: artifacts]
[2025-03-17 23:12:12,937: INFO: common: created directory at: artifacts/data_ingestion]
[2025-03-17 23:12:12,938: INFO: data_ingestion: Downloading data from https://drive.google.com/file/d/1vlhZ5c7abUKF8xXERIw6m9Te8fW7ohw3/view?usp=sharing into file artifacts/data_ingestion/data.zip]
[2025-03-17 23:12:24,571: INFO: data_ingestion: Downloaded data from https://drive.google.com/file/d/1vlhZ5c7abUKF8xXERIw6m9Te8fW7ohw3/view?usp=sharing into file artifacts/data_ingestion/data.zip]
[2025-03-17 23:12:25,288: INFO: main:  >>>>>> Stage Data Ingestion Stage completed <<<<<<]
[2025-03-17 23:12:25,288: INFO: main: *******************]
[2025-03-17 23:12:25,288: INFO: main: >>>>>> stage Prepare base model started <<<<<<]
[2025-03-17 23:12:25,290: INFO: common: yaml file: config\config.yaml loaded successfully]
[2025-03-17 23:12:25,293: INFO: common: yaml file: params.yaml loaded successfully]
[2025-03-17 23:12:25,293: INFO: common: created directory at: artifacts]
[2025-03-17 23:12:25,294: INFO: common: created directory at: artifacts/prepare_base_model]
[2025-03-17 23:12:25,909: WARNING: saving_utils: Compiled the loaded model, but the compiled metrics have yet to be built. `model.compile_metrics` will be empty until you train or evaluate the model.]
[2025-03-17 23:12:26,265: INFO: main: >>>>>> stage Prepare base model completed <<<<<<

x==========x]
[2025-03-17 23:13:02,670: INFO: common: yaml file: config\config.yaml loaded successfully]
[2025-03-17 23:13:02,674: INFO: common: yaml file: params.yaml loaded successfully]
[2025-03-17 23:13:02,676: INFO: common: created directory at: artifacts]
[2025-03-17 23:14:06,197: INFO: common: yaml file: config\config.yaml loaded successfully]
[2025-03-17 23:14:06,202: INFO: common: yaml file: params.yaml loaded successfully]
[2025-03-17 23:14:06,204: INFO: common: created directory at: artifacts]
[2025-03-17 23:14:11,817: INFO: common: yaml file: config\config.yaml loaded successfully]
[2025-03-17 23:14:11,820: INFO: common: yaml file: params.yaml loaded successfully]
[2025-03-17 23:14:11,822: INFO: common: created directory at: artifacts]
[2025-03-17 23:14:23,367: INFO: common: yaml file: config\config.yaml loaded successfully]
[2025-03-17 23:14:23,371: INFO: common: yaml file: params.yaml loaded successfully]
[2025-03-17 23:14:23,374: INFO: common: created directory at: artifacts]
[2025-03-17 23:14:45,092: INFO: common: yaml file: config\config.yaml loaded successfully]
[2025-03-17 23:14:45,095: INFO: common: yaml file: params.yaml loaded successfully]
[2025-03-17 23:14:45,097: INFO: common: created directory at: artifacts]
[2025-03-17 23:28:49,391: INFO: common: yaml file: config\config.yaml loaded successfully]
[2025-03-17 23:28:49,396: INFO: common: yaml file: params.yaml loaded successfully]
[2025-03-17 23:28:49,398: INFO: common: created directory at: artifacts]
[2025-03-17 23:29:05,168: INFO: common: yaml file: config\config.yaml loaded successfully]
[2025-03-17 23:29:05,171: INFO: common: yaml file: params.yaml loaded successfully]
[2025-03-17 23:29:05,172: INFO: common: created directory at: artifacts]
[2025-03-18 17:13:24,169: INFO: common: yaml file: config\config.yaml loaded successfully]
[2025-03-18 17:13:24,181: INFO: common: yaml file: params.yaml loaded successfully]
[2025-03-18 17:13:24,183: INFO: common: created directory at: artifacts]
[2025-03-18 17:13:35,562: INFO: common: yaml file: config\config.yaml loaded successfully]
[2025-03-18 17:13:35,567: INFO: common: yaml file: params.yaml loaded successfully]
[2025-03-18 17:13:35,570: INFO: common: created directory at: artifacts]
[2025-03-18 17:14:27,531: INFO: main:  >>>>>> Stage Data Ingestion Stage started <<<<<<]
[2025-03-18 17:14:27,534: INFO: common: yaml file: config\config.yaml loaded successfully]
[2025-03-18 17:14:27,536: INFO: common: yaml file: params.yaml loaded successfully]
[2025-03-18 17:14:27,538: INFO: common: created directory at: artifacts]
[2025-03-18 17:14:27,539: INFO: common: created directory at: artifacts/data_ingestion]
[2025-03-18 17:14:27,541: INFO: data_ingestion: Downloading data from https://drive.google.com/file/d/1vlhZ5c7abUKF8xXERIw6m9Te8fW7ohw3/view?usp=sharing into file artifacts/data_ingestion/data.zip]
[2025-03-18 17:14:39,543: INFO: data_ingestion: Downloaded data from https://drive.google.com/file/d/1vlhZ5c7abUKF8xXERIw6m9Te8fW7ohw3/view?usp=sharing into file artifacts/data_ingestion/data.zip]
[2025-03-18 17:14:40,214: INFO: main:  >>>>>> Stage Data Ingestion Stage completed <<<<<<]
[2025-03-18 17:14:40,214: INFO: main: *******************]
[2025-03-18 17:14:40,214: INFO: main: >>>>>> stage Prepare base model started <<<<<<]
[2025-03-18 17:14:40,216: INFO: common: yaml file: config\config.yaml loaded successfully]
[2025-03-18 17:14:40,219: INFO: common: yaml file: params.yaml loaded successfully]
[2025-03-18 17:14:40,220: INFO: common: created directory at: artifacts]
[2025-03-18 17:14:40,220: INFO: common: created directory at: artifacts/prepare_base_model]
[2025-03-18 17:14:40,867: WARNING: saving_utils: Compiled the loaded model, but the compiled metrics have yet to be built. `model.compile_metrics` will be empty until you train or evaluate the model.]
[2025-03-18 17:14:41,275: INFO: main: >>>>>> stage Prepare base model completed <<<<<<

x==========x]
[2025-03-18 17:14:56,113: INFO: common: yaml file: config\config.yaml loaded successfully]
[2025-03-18 17:14:56,117: INFO: common: yaml file: params.yaml loaded successfully]
[2025-03-18 17:14:56,119: INFO: common: created directory at: artifacts]
[2025-03-18 17:15:44,896: INFO: common: yaml file: config\config.yaml loaded successfully]
[2025-03-18 17:15:44,900: INFO: common: yaml file: params.yaml loaded successfully]
[2025-03-18 17:15:44,901: INFO: common: created directory at: artifacts]
[2025-03-18 17:27:21,105: INFO: common: yaml file: config\config.yaml loaded successfully]
[2025-03-18 17:27:21,111: INFO: common: yaml file: params.yaml loaded successfully]
[2025-03-18 17:27:21,115: INFO: common: created directory at: artifacts]
[2025-03-18 17:27:21,118: INFO: common: created directory at: artifacts/prepare_base_model]
[2025-03-18 17:27:21,844: WARNING: saving_utils: Compiled the loaded model, but the compiled metrics have yet to be built. `model.compile_metrics` will be empty until you train or evaluate the model.]
[2025-03-18 17:28:52,823: INFO: common: yaml file: config\config.yaml loaded successfully]
[2025-03-18 17:28:52,828: INFO: common: yaml file: params.yaml loaded successfully]
[2025-03-18 17:28:52,830: INFO: common: created directory at: artifacts]
[2025-03-18 17:28:52,831: INFO: common: created directory at: artifacts\training]
[2025-03-20 06:31:30,321: INFO: common: yaml file: config\config.yaml loaded successfully]
[2025-03-20 06:31:30,333: INFO: common: yaml file: params.yaml loaded successfully]
[2025-03-20 06:31:30,335: INFO: common: created directory at: artifacts]
[2025-03-20 06:31:30,337: INFO: common: created directory at: artifacts\training]
[2025-03-20 06:36:01,449: INFO: common: yaml file: config\config.yaml loaded successfully]
[2025-03-20 06:36:01,452: INFO: common: yaml file: params.yaml loaded successfully]
[2025-03-20 06:36:01,453: INFO: common: created directory at: artifacts]
[2025-03-20 06:36:01,455: INFO: common: created directory at: artifacts\training]
[2025-03-20 06:43:37,468: INFO: common: yaml file: config\config.yaml loaded successfully]
[2025-03-20 06:43:37,476: INFO: common: yaml file: params.yaml loaded successfully]
[2025-03-20 06:43:37,479: INFO: common: created directory at: artifacts]
[2025-03-20 06:43:37,481: INFO: common: created directory at: artifacts\training]
[2025-03-20 07:14:17,363: INFO: main:  >>>>>> Stage Data Ingestion Stage started <<<<<<]
[2025-03-20 07:14:17,366: INFO: common: yaml file: config\config.yaml loaded successfully]
[2025-03-20 07:14:17,369: INFO: common: yaml file: params.yaml loaded successfully]
[2025-03-20 07:14:17,371: INFO: common: created directory at: artifacts]
[2025-03-20 07:14:17,371: INFO: common: created directory at: artifacts/data_ingestion]
[2025-03-20 07:14:17,373: INFO: data_ingestion: Downloading data from https://drive.google.com/file/d/1vlhZ5c7abUKF8xXERIw6m9Te8fW7ohw3/view?usp=sharing into file artifacts/data_ingestion/data.zip]
[2025-03-20 07:14:23,359: INFO: data_ingestion: Downloaded data from https://drive.google.com/file/d/1vlhZ5c7abUKF8xXERIw6m9Te8fW7ohw3/view?usp=sharing into file artifacts/data_ingestion/data.zip]
[2025-03-20 07:14:24,021: INFO: main:  >>>>>> Stage Data Ingestion Stage completed <<<<<<]
[2025-03-20 07:14:24,021: INFO: main: *******************]
[2025-03-20 07:14:24,021: INFO: main: >>>>>> stage Prepare base model started <<<<<<]
[2025-03-20 07:14:24,024: INFO: common: yaml file: config\config.yaml loaded successfully]
[2025-03-20 07:14:24,026: INFO: common: yaml file: params.yaml loaded successfully]
[2025-03-20 07:14:24,026: INFO: common: created directory at: artifacts]
[2025-03-20 07:14:24,027: INFO: common: created directory at: artifacts/prepare_base_model]
[2025-03-20 07:14:24,675: WARNING: saving_utils: Compiled the loaded model, but the compiled metrics have yet to be built. `model.compile_metrics` will be empty until you train or evaluate the model.]
[2025-03-20 07:14:24,992: INFO: main: >>>>>> stage Prepare base model completed <<<<<<

x==========x]
[2025-03-20 07:16:15,203: INFO: main:  >>>>>> Stage Data Ingestion Stage started <<<<<<]
[2025-03-20 07:16:15,206: INFO: common: yaml file: config\config.yaml loaded successfully]
[2025-03-20 07:16:15,208: INFO: common: yaml file: params.yaml loaded successfully]
[2025-03-20 07:16:15,209: INFO: common: created directory at: artifacts]
[2025-03-20 07:16:15,209: INFO: common: created directory at: artifacts/data_ingestion]
[2025-03-20 07:16:15,210: INFO: data_ingestion: Downloading data from https://drive.google.com/file/d/1vlhZ5c7abUKF8xXERIw6m9Te8fW7ohw3/view?usp=sharing into file artifacts/data_ingestion/data.zip]
[2025-03-20 07:16:20,646: INFO: data_ingestion: Downloaded data from https://drive.google.com/file/d/1vlhZ5c7abUKF8xXERIw6m9Te8fW7ohw3/view?usp=sharing into file artifacts/data_ingestion/data.zip]
[2025-03-20 07:16:21,214: INFO: main:  >>>>>> Stage Data Ingestion Stage completed <<<<<<]
[2025-03-20 07:16:21,215: INFO: main: *******************]
[2025-03-20 07:16:21,215: INFO: main: >>>>>> stage Prepare base model started <<<<<<]
[2025-03-20 07:16:21,217: INFO: common: yaml file: config\config.yaml loaded successfully]
[2025-03-20 07:16:21,219: INFO: common: yaml file: params.yaml loaded successfully]
[2025-03-20 07:16:21,219: INFO: common: created directory at: artifacts]
[2025-03-20 07:16:21,220: INFO: common: created directory at: artifacts/prepare_base_model]
[2025-03-20 07:16:21,645: WARNING: saving_utils: Compiled the loaded model, but the compiled metrics have yet to be built. `model.compile_metrics` will be empty until you train or evaluate the model.]
[2025-03-20 07:16:21,921: INFO: main: >>>>>> stage Prepare base model completed <<<<<<

x==========x]
[2025-03-20 07:16:21,921: INFO: main: *******************]
[2025-03-20 07:16:21,921: INFO: main: >>>>>> stage Training started <<<<<<]
[2025-03-20 07:16:21,924: INFO: common: yaml file: config\config.yaml loaded successfully]
[2025-03-20 07:16:21,927: INFO: common: yaml file: params.yaml loaded successfully]
[2025-03-20 07:16:21,928: INFO: common: created directory at: artifacts]
[2025-03-20 07:16:21,928: INFO: common: created directory at: artifacts\training]
[2025-03-20 07:26:40,144: INFO: main:  >>>>>> Stage Data Ingestion Stage started <<<<<<]
[2025-03-20 07:26:40,147: INFO: common: yaml file: config\config.yaml loaded successfully]
[2025-03-20 07:26:40,150: INFO: common: yaml file: params.yaml loaded successfully]
[2025-03-20 07:26:40,152: INFO: common: created directory at: artifacts]
[2025-03-20 07:26:40,152: INFO: common: created directory at: artifacts/data_ingestion]
[2025-03-20 07:26:40,152: INFO: data_ingestion: Downloading data from https://drive.google.com/file/d/1vlhZ5c7abUKF8xXERIw6m9Te8fW7ohw3/view?usp=sharing into file artifacts/data_ingestion/data.zip]
[2025-03-20 07:26:49,341: INFO: data_ingestion: Downloaded data from https://drive.google.com/file/d/1vlhZ5c7abUKF8xXERIw6m9Te8fW7ohw3/view?usp=sharing into file artifacts/data_ingestion/data.zip]
[2025-03-20 07:26:49,906: INFO: main:  >>>>>> Stage Data Ingestion Stage completed <<<<<<]
[2025-03-20 07:26:49,906: INFO: main: *******************]
[2025-03-20 07:26:49,906: INFO: main: >>>>>> stage Prepare base model started <<<<<<]
[2025-03-20 07:26:49,909: INFO: common: yaml file: config\config.yaml loaded successfully]
[2025-03-20 07:26:49,912: INFO: common: yaml file: params.yaml loaded successfully]
[2025-03-20 07:26:49,912: INFO: common: created directory at: artifacts]
[2025-03-20 07:26:49,913: INFO: common: created directory at: artifacts/prepare_base_model]
[2025-03-20 07:26:50,476: WARNING: saving_utils: Compiled the loaded model, but the compiled metrics have yet to be built. `model.compile_metrics` will be empty until you train or evaluate the model.]
[2025-03-20 07:26:50,800: INFO: main: >>>>>> stage Prepare base model completed <<<<<<

x==========x]
[2025-03-20 07:26:50,800: INFO: main: *******************]
[2025-03-20 07:26:50,800: INFO: main: >>>>>> stage Training started <<<<<<]
[2025-03-20 07:26:50,804: INFO: common: yaml file: config\config.yaml loaded successfully]
[2025-03-20 07:26:50,806: INFO: common: yaml file: params.yaml loaded successfully]
[2025-03-20 07:26:50,807: INFO: common: created directory at: artifacts]
[2025-03-20 07:26:50,808: INFO: common: created directory at: artifacts\training]
[2025-03-20 08:29:48,720: INFO: stage_03_model_training: *******************]
[2025-03-20 08:29:48,721: INFO: stage_03_model_training: >>>>>> stage Training started <<<<<<]
[2025-03-20 08:29:48,724: INFO: common: yaml file: config\config.yaml loaded successfully]
[2025-03-20 08:29:48,727: INFO: common: yaml file: params.yaml loaded successfully]
[2025-03-20 08:29:48,727: INFO: common: created directory at: artifacts]
[2025-03-20 08:29:48,728: INFO: common: created directory at: artifacts\training]
